<?xml version="1.0" encoding="UTF-8"?>
<!-- Generated by org.testng.reporters.JUnitXMLReporter -->
<testsuite ignored="0" hostname="DESKTOP-7I4U2KQ" failures="0" tests="4" name="Default test" time="110.191" errors="0" timestamp="2022-05-12T09:06:51 IST">
  <testcase classname="comSauceDemoTestClasses.BaseClass2" name="Verifylogin" time="0.034"/>
  <testcase classname="comSauceDemoTestClasses.BaseClass2" name="Addtocart" time="8.561"/>
  <testcase classname="comSauceDemoTestClasses.BaseClass2" name="information" time="15.579"/>
  <testcase classname="comSauceDemoTestClasses.BaseClass2" name="checkout" time="17.498"/>
</testsuite> <!-- Default test -->
