<?xml version="1.0" encoding="UTF-8"?>
<testng-results ignored="0" total="4" passed="4" failed="0" skipped="0">
  <reporter-output>
  </reporter-output>
  <suite started-at="2022-05-12T09:05:01 IST" name="Default suite" finished-at="2022-05-12T09:06:51 IST" duration-ms="110191">
    <groups>
    </groups>
    <test started-at="2022-05-12T09:05:01 IST" name="Default test" finished-at="2022-05-12T09:06:51 IST" duration-ms="110191">
      <class name="comSauceDemoTestClasses.BaseClass2">
        <test-method is-config="true" signature="BrowserOpen()[pri:0, instance:comSauceDemoTestClasses.BaseClass2@2b48a640]" started-at="2022-05-12T09:05:01 IST" name="BrowserOpen" finished-at="2022-05-12T09:05:05 IST" duration-ms="3453" status="PASS">
          <reporter-output>
          </reporter-output>
        </test-method> <!-- BrowserOpen -->
        <test-method is-config="true" signature="SetUpMethod()[pri:0, instance:comSauceDemoTestClasses.BaseClass2@2b48a640]" started-at="2022-05-12T09:05:05 IST" name="SetUpMethod" finished-at="2022-05-12T09:05:26 IST" duration-ms="21152" status="PASS">
          <reporter-output>
          </reporter-output>
        </test-method> <!-- SetUpMethod -->
        <test-method signature="Verifylogin()[pri:1, instance:comSauceDemoTestClasses.BaseClass2@2b48a640]" started-at="2022-05-12T09:05:26 IST" name="Verifylogin" finished-at="2022-05-12T09:05:26 IST" duration-ms="34" status="PASS">
          <reporter-output>
          </reporter-output>
        </test-method> <!-- Verifylogin -->
        <test-method is-config="true" signature="tearDownMethod()[pri:0, instance:comSauceDemoTestClasses.BaseClass2@2b48a640]" started-at="2022-05-12T09:05:26 IST" name="tearDownMethod" finished-at="2022-05-12T09:05:34 IST" duration-ms="8254" status="PASS">
          <reporter-output>
          </reporter-output>
        </test-method> <!-- tearDownMethod -->
        <test-method is-config="true" signature="SetUpMethod()[pri:0, instance:comSauceDemoTestClasses.BaseClass2@2b48a640]" started-at="2022-05-12T09:05:34 IST" name="SetUpMethod" finished-at="2022-05-12T09:05:37 IST" duration-ms="2823" status="PASS">
          <reporter-output>
          </reporter-output>
        </test-method> <!-- SetUpMethod -->
        <test-method signature="Addtocart()[pri:2, instance:comSauceDemoTestClasses.BaseClass2@2b48a640]" started-at="2022-05-12T09:05:37 IST" name="Addtocart" finished-at="2022-05-12T09:05:46 IST" duration-ms="8561" status="PASS">
          <reporter-output>
          </reporter-output>
        </test-method> <!-- Addtocart -->
        <test-method is-config="true" signature="tearDownMethod()[pri:0, instance:comSauceDemoTestClasses.BaseClass2@2b48a640]" started-at="2022-05-12T09:05:46 IST" name="tearDownMethod" finished-at="2022-05-12T09:05:54 IST" duration-ms="8326" status="PASS">
          <reporter-output>
          </reporter-output>
        </test-method> <!-- tearDownMethod -->
        <test-method is-config="true" signature="SetUpMethod()[pri:0, instance:comSauceDemoTestClasses.BaseClass2@2b48a640]" started-at="2022-05-12T09:05:54 IST" name="SetUpMethod" finished-at="2022-05-12T09:05:59 IST" duration-ms="4909" status="PASS">
          <reporter-output>
          </reporter-output>
        </test-method> <!-- SetUpMethod -->
        <test-method signature="information()[pri:3, instance:comSauceDemoTestClasses.BaseClass2@2b48a640]" started-at="2022-05-12T09:05:59 IST" name="information" finished-at="2022-05-12T09:06:14 IST" duration-ms="15579" status="PASS">
          <reporter-output>
          </reporter-output>
        </test-method> <!-- information -->
        <test-method is-config="true" signature="tearDownMethod()[pri:0, instance:comSauceDemoTestClasses.BaseClass2@2b48a640]" started-at="2022-05-12T09:06:14 IST" name="tearDownMethod" finished-at="2022-05-12T09:06:23 IST" duration-ms="8372" status="PASS">
          <reporter-output>
          </reporter-output>
        </test-method> <!-- tearDownMethod -->
        <test-method is-config="true" signature="SetUpMethod()[pri:0, instance:comSauceDemoTestClasses.BaseClass2@2b48a640]" started-at="2022-05-12T09:06:23 IST" name="SetUpMethod" finished-at="2022-05-12T09:06:25 IST" duration-ms="2382" status="PASS">
          <reporter-output>
          </reporter-output>
        </test-method> <!-- SetUpMethod -->
        <test-method signature="checkout()[pri:4, instance:comSauceDemoTestClasses.BaseClass2@2b48a640]" started-at="2022-05-12T09:06:25 IST" name="checkout" finished-at="2022-05-12T09:06:43 IST" duration-ms="17498" status="PASS">
          <reporter-output>
          </reporter-output>
        </test-method> <!-- checkout -->
        <test-method is-config="true" signature="tearDownMethod()[pri:0, instance:comSauceDemoTestClasses.BaseClass2@2b48a640]" started-at="2022-05-12T09:06:43 IST" name="tearDownMethod" finished-at="2022-05-12T09:06:51 IST" duration-ms="8371" status="PASS">
          <reporter-output>
          </reporter-output>
        </test-method> <!-- tearDownMethod -->
        <test-method is-config="true" signature="quit()[pri:0, instance:comSauceDemoTestClasses.BaseClass2@2b48a640]" started-at="2022-05-12T09:06:51 IST" name="quit" finished-at="2022-05-12T09:06:51 IST" duration-ms="366" status="PASS">
          <reporter-output>
          </reporter-output>
        </test-method> <!-- quit -->
      </class> <!-- comSauceDemoTestClasses.BaseClass2 -->
    </test> <!-- Default test -->
  </suite> <!-- Default suite -->
</testng-results>
